<?xml version="1.0" encoding="UTF-8"?>
<coverage generated="1605364422311" clover="3.2.0">
  <project timestamp="1605364422311" name="All files">
    <metrics statements="6" coveredstatements="6" conditionals="0" coveredconditionals="0" methods="2" coveredmethods="2" elements="8" coveredelements="8" complexity="0" loc="6" ncloc="6" packages="1" files="1" classes="1"/>
    <file name="displayCode.vue" path="D:\dev\tech\vue\VueJSGlennPackerNet\components\displayCode.vue">
      <metrics statements="6" coveredstatements="6" conditionals="0" coveredconditionals="0" methods="2" coveredmethods="2"/>
      <line num="1" count="30" type="stmt"/>
      <line num="12" count="1" type="stmt"/>
      <line num="16" count="1" type="stmt"/>
      <line num="17" count="1" type="stmt"/>
      <line num="18" count="1" type="stmt"/>
      <line num="35" count="9" type="stmt"/>
    </file>
  </project>
</coverage>
