<?xml version="1.0" encoding="UTF-8"?>
<coverage generated="1605369839256" clover="3.2.0">
  <project timestamp="1605369839256" name="All files">
    <metrics statements="3" coveredstatements="3" conditionals="0" coveredconditionals="0" methods="2" coveredmethods="2" elements="5" coveredelements="5" complexity="0" loc="3" ncloc="3" packages="1" files="1" classes="1"/>
    <file name="eventBus.vue" path="D:\dev\tech\vue\VueJSGlennPackerNet\pages\eventBus.vue">
      <metrics statements="3" coveredstatements="3" conditionals="0" coveredconditionals="0" methods="2" coveredmethods="2"/>
      <line num="1" count="21" type="stmt"/>
      <line num="20" count="1" type="stmt"/>
      <line num="31" count="6" type="stmt"/>
    </file>
  </project>
</coverage>
